<?xml version="1.0" encoding="UTF-8"?>
<coverage generated="1748863006468" clover="3.2.0">
  <project timestamp="1748863006468" name="All files">
    <metrics statements="8" coveredstatements="7" conditionals="6" coveredconditionals="4" methods="7" coveredmethods="5" elements="21" coveredelements="16" complexity="0" loc="8" ncloc="8" packages="1" files="1" classes="1"/>
    <file name="index.js" path="/Users/showravacharjee/My Documents/Ostad Assignments/module-9-assignment/ostad-devops-module-9/index.js">
      <metrics statements="8" coveredstatements="7" conditionals="6" coveredconditionals="4" methods="7" coveredmethods="5"/>
      <line num="3" count="3" type="stmt"/>
      <line num="7" count="4" type="cond" truecount="1" falsecount="1"/>
      <line num="8" count="4" type="stmt"/>
      <line num="12" count="2" type="cond" truecount="3" falsecount="1"/>
      <line num="13" count="2" type="stmt"/>
      <line num="17" count="2" type="stmt"/>
      <line num="21" count="0" type="stmt"/>
      <line num="25" count="1" type="stmt"/>
    </file>
  </project>
</coverage>
