{"/Users/showravacharjee/My Documents/Ostad Assignments/module-9-assignment/ostad-devops-module-9/index.js": {"path":"/Users/showravacharjee/My Documents/Ostad Assignments/module-9-assignment/ostad-devops-module-9/index.js","statementMap":{"0":{"start":{"line":3,"column":4},"end":{"line":3,"column":20}},"1":{"start":{"line":7,"column":4},"end":{"line":7,"column":55}},"2":{"start":{"line":7,"column":15},"end":{"line":7,"column":55}},"3":{"start":{"line":8,"column":4},"end":{"line":8,"column":48}},"4":{"start":{"line":12,"column":4},"end":{"line":12,"column":82}},"5":{"start":{"line":12,"column":49},"end":{"line":12,"column":82}},"6":{"start":{"line":13,"column":4},"end":{"line":13,"column":39}},"7":{"start":{"line":17,"column":4},"end":{"line":17,"column":54}},"8":{"start":{"line":17,"column":37},"end":{"line":17,"column":52}},"9":{"start":{"line":21,"column":4},"end":{"line":21,"column":53}},"10":{"start":{"line":21,"column":37},"end":{"line":21,"column":51}},"11":{"start":{"line":25,"column":0},"end":{"line":25,"column":25}}},"fnMap":{"0":{"name":"(anonymous_0)","decl":{"start":{"line":2,"column":2},"end":{"line":2,"column":3}},"loc":{"start":{"line":2,"column":16},"end":{"line":4,"column":3}},"line":2},"1":{"name":"(anonymous_1)","decl":{"start":{"line":6,"column":2},"end":{"line":6,"column":3}},"loc":{"start":{"line":6,"column":16},"end":{"line":9,"column":3}},"line":6},"2":{"name":"(anonymous_2)","decl":{"start":{"line":11,"column":2},"end":{"line":11,"column":3}},"loc":{"start":{"line":11,"column":22},"end":{"line":14,"column":3}},"line":11},"3":{"name":"(anonymous_3)","decl":{"start":{"line":16,"column":2},"end":{"line":16,"column":3}},"loc":{"start":{"line":16,"column":20},"end":{"line":18,"column":3}},"line":16},"4":{"name":"(anonymous_4)","decl":{"start":{"line":17,"column":29},"end":{"line":17,"column":30}},"loc":{"start":{"line":17,"column":37},"end":{"line":17,"column":52}},"line":17},"5":{"name":"(anonymous_5)","decl":{"start":{"line":20,"column":2},"end":{"line":20,"column":3}},"loc":{"start":{"line":20,"column":22},"end":{"line":22,"column":3}},"line":20},"6":{"name":"(anonymous_6)","decl":{"start":{"line":21,"column":29},"end":{"line":21,"column":30}},"loc":{"start":{"line":21,"column":37},"end":{"line":21,"column":51}},"line":21}},"branchMap":{"0":{"loc":{"start":{"line":7,"column":4},"end":{"line":7,"column":55}},"type":"if","locations":[{"start":{"line":7,"column":4},"end":{"line":7,"column":55}},{"start":{},"end":{}}],"line":7},"1":{"loc":{"start":{"line":12,"column":4},"end":{"line":12,"column":82}},"type":"if","locations":[{"start":{"line":12,"column":4},"end":{"line":12,"column":82}},{"start":{},"end":{}}],"line":12},"2":{"loc":{"start":{"line":12,"column":8},"end":{"line":12,"column":47}},"type":"binary-expr","locations":[{"start":{"line":12,"column":8},"end":{"line":12,"column":17}},{"start":{"line":12,"column":21},"end":{"line":12,"column":47}}],"line":12}},"s":{"0":3,"1":4,"2":0,"3":4,"4":2,"5":0,"6":2,"7":1,"8":2,"9":0,"10":0,"11":1},"f":{"0":3,"1":4,"2":2,"3":1,"4":2,"5":0,"6":0},"b":{"0":[0,4],"1":[0,2],"2":[2,2]},"_coverageSchema":"1a1c01bbd47fc00a2c39e90264f33305004495a9","hash":"ef260bd1c000f0b31cc86d0140f1fa429827ee7a"}
}
